make --dry-run --keep-going --print-directory
make: Entering directory '/home/vlima-nu/minishell42'
mkdir -p obj
mkdir -p obj/BUILTINS
mkdir -p obj/CORE
mkdir -p obj/EXEC
mkdir -p obj/EXPAND
mkdir -p obj/LEX
mkdir -p obj/PARSE
mkdir -p obj/PROMPT
mkdir -p obj/TOOLS
gcc -Wall -Wextra -Werror -lreadline -g -fsanitize=address -I inc -c src/EXEC/executor.c -o obj/EXEC/executor.o
mkdir -p obj
mkdir -p obj/BUILTINS
mkdir -p obj/CORE
mkdir -p obj/EXEC
mkdir -p obj/EXPAND
mkdir -p obj/LEX
mkdir -p obj/PARSE
mkdir -p obj/PROMPT
mkdir -p obj/TOOLS
gcc -Wall -Wextra -Werror -lreadline -g -fsanitize=address -I inc -c src/EXEC/here_document.c -o obj/EXEC/here_document.o
mkdir -p obj
mkdir -p obj/BUILTINS
mkdir -p obj/CORE
mkdir -p obj/EXEC
mkdir -p obj/EXPAND
mkdir -p obj/LEX
mkdir -p obj/PARSE
mkdir -p obj/PROMPT
mkdir -p obj/TOOLS
gcc -Wall -Wextra -Werror -lreadline -g -fsanitize=address -I inc -c src/EXEC/pipes_fds_handling.c -o obj/EXEC/pipes_fds_handling.o
mkdir -p obj
mkdir -p obj/BUILTINS
mkdir -p obj/CORE
mkdir -p obj/EXEC
mkdir -p obj/EXPAND
mkdir -p obj/LEX
mkdir -p obj/PARSE
mkdir -p obj/PROMPT
mkdir -p obj/TOOLS
gcc -Wall -Wextra -Werror -lreadline -g -fsanitize=address -I inc -c src/EXEC/processes_handler.c -o obj/EXEC/processes_handler.o
mkdir -p obj
mkdir -p obj/BUILTINS
mkdir -p obj/CORE
mkdir -p obj/EXEC
mkdir -p obj/EXPAND
mkdir -p obj/LEX
mkdir -p obj/PARSE
mkdir -p obj/PROMPT
mkdir -p obj/TOOLS
gcc -Wall -Wextra -Werror -lreadline -g -fsanitize=address -I inc -c src/EXEC/redirects.c -o obj/EXEC/redirects.o
mkdir -p obj
mkdir -p obj/BUILTINS
mkdir -p obj/CORE
mkdir -p obj/EXEC
mkdir -p obj/EXPAND
mkdir -p obj/LEX
mkdir -p obj/PARSE
mkdir -p obj/PROMPT
mkdir -p obj/TOOLS
gcc -Wall -Wextra -Werror -lreadline -g -fsanitize=address -I inc -c src/EXEC/sorting.c -o obj/EXEC/sorting.o
mkdir -p obj
mkdir -p obj/BUILTINS
mkdir -p obj/CORE
mkdir -p obj/EXEC
mkdir -p obj/EXPAND
mkdir -p obj/LEX
mkdir -p obj/PARSE
mkdir -p obj/PROMPT
mkdir -p obj/TOOLS
gcc -Wall -Wextra -Werror -lreadline -g -fsanitize=address -I inc -c src/LEX/lexer.c -o obj/LEX/lexer.o
mkdir -p obj
mkdir -p obj/BUILTINS
mkdir -p obj/CORE
mkdir -p obj/EXEC
mkdir -p obj/EXPAND
mkdir -p obj/LEX
mkdir -p obj/PARSE
mkdir -p obj/PROMPT
mkdir -p obj/TOOLS
gcc -Wall -Wextra -Werror -lreadline -g -fsanitize=address -I inc -c src/LEX/mask_dollar.c -o obj/LEX/mask_dollar.o
mkdir -p obj
mkdir -p obj/BUILTINS
mkdir -p obj/CORE
mkdir -p obj/EXEC
mkdir -p obj/EXPAND
mkdir -p obj/LEX
mkdir -p obj/PARSE
mkdir -p obj/PROMPT
mkdir -p obj/TOOLS
gcc -Wall -Wextra -Werror -lreadline -g -fsanitize=address -I inc -c src/LEX/mask_n_unmask_chars.c -o obj/LEX/mask_n_unmask_chars.o
 
mkdir -p obj
mkdir -p obj/BUILTINS
mkdir -p obj/CORE
mkdir -p obj/EXEC
mkdir -p obj/EXPAND
mkdir -p obj/LEX
mkdir -p obj/PARSE
mkdir -p obj/PROMPT
mkdir -p obj/TOOLS
gcc -Wall -Wextra -Werror -lreadline -g -fsanitize=address -I inc -c src/LEX/pull_redirects.c -o obj/LEX/pull_redirects.o
mkdir -p obj
mkdir -p obj/BUILTINS
mkdir -p obj/CORE
mkdir -p obj/EXEC
mkdir -p obj/EXPAND
mkdir -p obj/LEX
mkdir -p obj/PARSE
mkdir -p obj/PROMPT
mkdir -p obj/TOOLS
gcc -Wall -Wextra -Werror -lreadline -g -fsanitize=address -I inc -c src/LEX/treat_quotes.c -o obj/LEX/treat_quotes.o
mkdir -p obj
mkdir -p obj/BUILTINS
mkdir -p obj/CORE
mkdir -p obj/EXEC
mkdir -p obj/EXPAND
mkdir -p obj/LEX
mkdir -p obj/PARSE
mkdir -p obj/PROMPT
mkdir -p obj/TOOLS
gcc -Wall -Wextra -Werror -lreadline -g -fsanitize=address -I inc -c src/LEX/treat_spaces.c -o obj/LEX/treat_spaces.o
make -C libft
make -C ft_printf
gcc -Wall -Wextra -Werror -lreadline -g -fsanitize=address obj/BUILTINS/cd.o obj/BUILTINS/echo.o obj/BUILTINS/env.o obj/BUILTINS/exit.o obj/BUILTINS/export.o obj/BUILTINS/export_utils.o obj/BUILTINS/pwd.o obj/BUILTINS/unset.o obj/EXPAND/expand_variables.o obj/EXPAND/expand_utils.o obj/PROMPT/history.o obj/PROMPT/prompt_take_input.o obj/PARSE/parse_vars.o obj/PARSE/parser.o obj/TOOLS/list_tools_one.o obj/TOOLS/list_tools_two.o obj/TOOLS/str_tools_one.o obj/TOOLS/str_tools_two.o obj/CORE/clear_data.o obj/CORE/init_data.o obj/CORE/minishell.o obj/CORE/signals.o obj/CORE/main.o obj/EXEC/execute_one_cmd.o obj/EXEC/executor.o obj/EXEC/here_document.o obj/EXEC/pipes_fds_handling.o obj/EXEC/processes_handler.o obj/EXEC/redirects.o obj/EXEC/sorting.o obj/LEX/lexer.o obj/LEX/mask_dollar.o obj/LEX/mask_n_unmask_chars.o obj/LEX/pull_redirects.o obj/LEX/treat_quotes.o obj/LEX/treat_spaces.o libft/libft.a ft_printf/libftprintf.a -L libft -lft -lreadline -o minishell
echo ""
echo "|		minishell created		|"
echo ""
make: Leaving directory '/home/vlima-nu/minishell42'
 
